[13-Jan-2025 19:21:06 Asia/Riyadh] PHP Deprecated:  htmlspecialchars(): Passing null to parameter #1 ($string) of type string is deprecated in C:\xampp\htdocs\proo\companies\dashboard.php on line 289
[13-Jan-2025 19:21:06 Asia/Riyadh] PHP Deprecated:  htmlspecialchars(): Passing null to parameter #1 ($string) of type string is deprecated in C:\xampp\htdocs\proo\companies\dashboard.php on line 289
[13-Jan-2025 19:21:06 Asia/Riyadh] PHP Deprecated:  htmlspecialchars(): Passing null to parameter #1 ($string) of type string is deprecated in C:\xampp\htdocs\proo\companies\dashboard.php on line 289
[13-Jan-2025 19:21:06 Asia/Riyadh] PHP Deprecated:  htmlspecialchars(): Passing null to parameter #1 ($string) of type string is deprecated in C:\xampp\htdocs\proo\companies\dashboard.php on line 289
[13-Jan-2025 19:21:06 Asia/Riyadh] PHP Deprecated:  htmlspecialchars(): Passing null to parameter #1 ($string) of type string is deprecated in C:\xampp\htdocs\proo\companies\dashboard.php on line 289
[13-Jan-2025 19:27:25 Asia/Riyadh] PHP Deprecated:  htmlspecialchars(): Passing null to parameter #1 ($string) of type string is deprecated in C:\xampp\htdocs\proo\companies\dashboard.php on line 287
[13-Jan-2025 19:27:25 Asia/Riyadh] PHP Deprecated:  htmlspecialchars(): Passing null to parameter #1 ($string) of type string is deprecated in C:\xampp\htdocs\proo\companies\dashboard.php on line 287
[13-Jan-2025 19:27:25 Asia/Riyadh] PHP Deprecated:  htmlspecialchars(): Passing null to parameter #1 ($string) of type string is deprecated in C:\xampp\htdocs\proo\companies\dashboard.php on line 287
[13-Jan-2025 19:27:25 Asia/Riyadh] PHP Deprecated:  htmlspecialchars(): Passing null to parameter #1 ($string) of type string is deprecated in C:\xampp\htdocs\proo\companies\dashboard.php on line 287
[13-Jan-2025 19:27:25 Asia/Riyadh] PHP Deprecated:  htmlspecialchars(): Passing null to parameter #1 ($string) of type string is deprecated in C:\xampp\htdocs\proo\companies\dashboard.php on line 287
[13-Jan-2025 19:27:40 Asia/Riyadh] PHP Deprecated:  htmlspecialchars(): Passing null to parameter #1 ($string) of type string is deprecated in C:\xampp\htdocs\proo\companies\dashboard.php on line 287
[13-Jan-2025 19:27:40 Asia/Riyadh] PHP Deprecated:  htmlspecialchars(): Passing null to parameter #1 ($string) of type string is deprecated in C:\xampp\htdocs\proo\companies\dashboard.php on line 287
[13-Jan-2025 19:27:40 Asia/Riyadh] PHP Deprecated:  htmlspecialchars(): Passing null to parameter #1 ($string) of type string is deprecated in C:\xampp\htdocs\proo\companies\dashboard.php on line 287
[13-Jan-2025 19:27:40 Asia/Riyadh] PHP Deprecated:  htmlspecialchars(): Passing null to parameter #1 ($string) of type string is deprecated in C:\xampp\htdocs\proo\companies\dashboard.php on line 287
[13-Jan-2025 19:27:40 Asia/Riyadh] PHP Deprecated:  htmlspecialchars(): Passing null to parameter #1 ($string) of type string is deprecated in C:\xampp\htdocs\proo\companies\dashboard.php on line 287
[13-Jan-2025 19:27:46 Asia/Riyadh] PHP Deprecated:  htmlspecialchars(): Passing null to parameter #1 ($string) of type string is deprecated in C:\xampp\htdocs\proo\companies\dashboard.php on line 287
[13-Jan-2025 19:27:46 Asia/Riyadh] PHP Deprecated:  htmlspecialchars(): Passing null to parameter #1 ($string) of type string is deprecated in C:\xampp\htdocs\proo\companies\dashboard.php on line 287
[13-Jan-2025 19:27:46 Asia/Riyadh] PHP Deprecated:  htmlspecialchars(): Passing null to parameter #1 ($string) of type string is deprecated in C:\xampp\htdocs\proo\companies\dashboard.php on line 287
[13-Jan-2025 19:27:46 Asia/Riyadh] PHP Deprecated:  htmlspecialchars(): Passing null to parameter #1 ($string) of type string is deprecated in C:\xampp\htdocs\proo\companies\dashboard.php on line 287
[13-Jan-2025 19:27:46 Asia/Riyadh] PHP Deprecated:  htmlspecialchars(): Passing null to parameter #1 ($string) of type string is deprecated in C:\xampp\htdocs\proo\companies\dashboard.php on line 287
[13-Jan-2025 19:28:13 Asia/Riyadh] Responses found for complaint COMP202501074676: 5
[13-Jan-2025 19:41:44 Asia/Riyadh] PHP Warning:  Undefined variable $email in C:\xampp\htdocs\proo\companies\login.php on line 285
[13-Jan-2025 19:41:44 Asia/Riyadh] PHP Deprecated:  htmlspecialchars(): Passing null to parameter #1 ($string) of type string is deprecated in C:\xampp\htdocs\proo\companies\login.php on line 285
[13-Jan-2025 19:41:57 Asia/Riyadh] PHP Warning:  Undefined variable $email in C:\xampp\htdocs\proo\companies\login.php on line 285
[13-Jan-2025 19:41:57 Asia/Riyadh] PHP Deprecated:  htmlspecialchars(): Passing null to parameter #1 ($string) of type string is deprecated in C:\xampp\htdocs\proo\companies\login.php on line 285
[13-Jan-2025 19:42:08 Asia/Riyadh] PHP Warning:  Undefined variable $email in C:\xampp\htdocs\proo\companies\login.php on line 285
[13-Jan-2025 19:42:08 Asia/Riyadh] PHP Deprecated:  htmlspecialchars(): Passing null to parameter #1 ($string) of type string is deprecated in C:\xampp\htdocs\proo\companies\login.php on line 285
[13-Jan-2025 19:50:26 Asia/Riyadh] PHP Deprecated:  htmlspecialchars(): Passing null to parameter #1 ($string) of type string is deprecated in C:\xampp\htdocs\proo\companies\dashboard.php on line 287
[13-Jan-2025 19:50:26 Asia/Riyadh] PHP Deprecated:  htmlspecialchars(): Passing null to parameter #1 ($string) of type string is deprecated in C:\xampp\htdocs\proo\companies\dashboard.php on line 287
[13-Jan-2025 19:50:26 Asia/Riyadh] PHP Deprecated:  htmlspecialchars(): Passing null to parameter #1 ($string) of type string is deprecated in C:\xampp\htdocs\proo\companies\dashboard.php on line 287
[13-Jan-2025 19:50:26 Asia/Riyadh] PHP Deprecated:  htmlspecialchars(): Passing null to parameter #1 ($string) of type string is deprecated in C:\xampp\htdocs\proo\companies\dashboard.php on line 287
[13-Jan-2025 19:50:26 Asia/Riyadh] PHP Deprecated:  htmlspecialchars(): Passing null to parameter #1 ($string) of type string is deprecated in C:\xampp\htdocs\proo\companies\dashboard.php on line 287
[13-Jan-2025 19:51:11 Asia/Riyadh] PHP Deprecated:  htmlspecialchars(): Passing null to parameter #1 ($string) of type string is deprecated in C:\xampp\htdocs\proo\companies\dashboard.php on line 287
[13-Jan-2025 19:51:11 Asia/Riyadh] PHP Deprecated:  htmlspecialchars(): Passing null to parameter #1 ($string) of type string is deprecated in C:\xampp\htdocs\proo\companies\dashboard.php on line 287
[13-Jan-2025 19:51:11 Asia/Riyadh] PHP Deprecated:  htmlspecialchars(): Passing null to parameter #1 ($string) of type string is deprecated in C:\xampp\htdocs\proo\companies\dashboard.php on line 287
[13-Jan-2025 19:51:11 Asia/Riyadh] PHP Deprecated:  htmlspecialchars(): Passing null to parameter #1 ($string) of type string is deprecated in C:\xampp\htdocs\proo\companies\dashboard.php on line 287
[13-Jan-2025 19:51:11 Asia/Riyadh] PHP Deprecated:  htmlspecialchars(): Passing null to parameter #1 ($string) of type string is deprecated in C:\xampp\htdocs\proo\companies\dashboard.php on line 287
[13-Jan-2025 19:51:30 Asia/Riyadh] Starting password reset for staff ID: 2
[13-Jan-2025 19:51:30 Asia/Riyadh] Company found: Array
(
    [name] => ma7rez
)

[13-Jan-2025 19:51:30 Asia/Riyadh] New password: ma7rez
[13-Jan-2025 19:51:31 Asia/Riyadh] Generated hash: $2y$10$GoDDApX43sx5u27WQyZtae/N5q2ezgt.voL8rM/YZPj0S.Ehx.B7y
[13-Jan-2025 19:51:31 Asia/Riyadh] Initial hash verification test: SUCCESS
[13-Jan-2025 19:51:31 Asia/Riyadh] Final verification test: SUCCESS
[13-Jan-2025 19:51:31 Asia/Riyadh] Password reset successful
[13-Jan-2025 19:51:31 Asia/Riyadh] Staff info: Array
(
    [name] => ahmed mahrez
    [email] => ahmed@gmail.com
    [phone] => 01011965099
)

[13-Jan-2025 19:51:31 Asia/Riyadh] New password: ma7rez
[13-Jan-2025 19:56:24 Asia/Riyadh] PHP Warning:  require_once(includes/header.php): Failed to open stream: No such file or directory in C:\xampp\htdocs\proo\admin\driver_form.php on line 163
[13-Jan-2025 19:56:24 Asia/Riyadh] PHP Fatal error:  Uncaught Error: Failed opening required 'includes/header.php' (include_path='C:\xampp\php\PEAR') in C:\xampp\htdocs\proo\admin\driver_form.php:163
Stack trace:
#0 {main}
  thrown in C:\xampp\htdocs\proo\admin\driver_form.php on line 163
[13-Jan-2025 19:57:49 Asia/Riyadh] PHP Warning:  require_once(includes/header.php): Failed to open stream: No such file or directory in C:\xampp\htdocs\proo\admin\driver_form.php on line 163
[13-Jan-2025 19:57:49 Asia/Riyadh] PHP Fatal error:  Uncaught Error: Failed opening required 'includes/header.php' (include_path='C:\xampp\php\PEAR') in C:\xampp\htdocs\proo\admin\driver_form.php:163
Stack trace:
#0 {main}
  thrown in C:\xampp\htdocs\proo\admin\driver_form.php on line 163
[13-Jan-2025 19:58:10 Asia/Riyadh] PHP Warning:  require_once(includes/footer.php): Failed to open stream: No such file or directory in C:\xampp\htdocs\proo\admin\driver_form.php on line 308
[13-Jan-2025 19:58:10 Asia/Riyadh] PHP Fatal error:  Uncaught Error: Failed opening required 'includes/footer.php' (include_path='C:\xampp\php\PEAR') in C:\xampp\htdocs\proo\admin\driver_form.php:308
Stack trace:
#0 {main}
  thrown in C:\xampp\htdocs\proo\admin\driver_form.php on line 308
[13-Jan-2025 20:26:33 Asia/Riyadh] PHP Deprecated:  htmlspecialchars(): Passing null to parameter #1 ($string) of type string is deprecated in C:\xampp\htdocs\proo\companies\dashboard.php on line 287
[13-Jan-2025 20:26:33 Asia/Riyadh] PHP Deprecated:  htmlspecialchars(): Passing null to parameter #1 ($string) of type string is deprecated in C:\xampp\htdocs\proo\companies\dashboard.php on line 287
[13-Jan-2025 20:26:33 Asia/Riyadh] PHP Deprecated:  htmlspecialchars(): Passing null to parameter #1 ($string) of type string is deprecated in C:\xampp\htdocs\proo\companies\dashboard.php on line 287
[13-Jan-2025 20:26:33 Asia/Riyadh] PHP Deprecated:  htmlspecialchars(): Passing null to parameter #1 ($string) of type string is deprecated in C:\xampp\htdocs\proo\companies\dashboard.php on line 287
[13-Jan-2025 20:26:33 Asia/Riyadh] PHP Deprecated:  htmlspecialchars(): Passing null to parameter #1 ($string) of type string is deprecated in C:\xampp\htdocs\proo\companies\dashboard.php on line 287
[13-Jan-2025 20:26:47 Asia/Riyadh] PHP Deprecated:  htmlspecialchars(): Passing null to parameter #1 ($string) of type string is deprecated in C:\xampp\htdocs\proo\companies\dashboard.php on line 287
[13-Jan-2025 20:26:47 Asia/Riyadh] PHP Deprecated:  htmlspecialchars(): Passing null to parameter #1 ($string) of type string is deprecated in C:\xampp\htdocs\proo\companies\dashboard.php on line 287
[13-Jan-2025 20:26:47 Asia/Riyadh] PHP Deprecated:  htmlspecialchars(): Passing null to parameter #1 ($string) of type string is deprecated in C:\xampp\htdocs\proo\companies\dashboard.php on line 287
[13-Jan-2025 20:26:47 Asia/Riyadh] PHP Deprecated:  htmlspecialchars(): Passing null to parameter #1 ($string) of type string is deprecated in C:\xampp\htdocs\proo\companies\dashboard.php on line 287
[13-Jan-2025 20:26:47 Asia/Riyadh] PHP Deprecated:  htmlspecialchars(): Passing null to parameter #1 ($string) of type string is deprecated in C:\xampp\htdocs\proo\companies\dashboard.php on line 287
[13-Jan-2025 20:26:57 Asia/Riyadh] PHP Deprecated:  htmlspecialchars(): Passing null to parameter #1 ($string) of type string is deprecated in C:\xampp\htdocs\proo\companies\dashboard.php on line 287
[13-Jan-2025 20:26:57 Asia/Riyadh] PHP Deprecated:  htmlspecialchars(): Passing null to parameter #1 ($string) of type string is deprecated in C:\xampp\htdocs\proo\companies\dashboard.php on line 287
[13-Jan-2025 20:26:57 Asia/Riyadh] PHP Deprecated:  htmlspecialchars(): Passing null to parameter #1 ($string) of type string is deprecated in C:\xampp\htdocs\proo\companies\dashboard.php on line 287
[13-Jan-2025 20:26:57 Asia/Riyadh] PHP Deprecated:  htmlspecialchars(): Passing null to parameter #1 ($string) of type string is deprecated in C:\xampp\htdocs\proo\companies\dashboard.php on line 287
[13-Jan-2025 20:26:57 Asia/Riyadh] PHP Deprecated:  htmlspecialchars(): Passing null to parameter #1 ($string) of type string is deprecated in C:\xampp\htdocs\proo\companies\dashboard.php on line 287
[13-Jan-2025 20:27:24 Asia/Riyadh] Driver logout error: SQLSTATE[42S22]: Column not found: 1054 Unknown column 'last_logout' in 'field list'
[13-Jan-2025 21:40:20 Asia/Riyadh] PHP Deprecated:  htmlspecialchars(): Passing null to parameter #1 ($string) of type string is deprecated in C:\xampp\htdocs\proo\companies\dashboard.php on line 287
[13-Jan-2025 21:40:20 Asia/Riyadh] PHP Deprecated:  htmlspecialchars(): Passing null to parameter #1 ($string) of type string is deprecated in C:\xampp\htdocs\proo\companies\dashboard.php on line 287
[13-Jan-2025 21:40:20 Asia/Riyadh] PHP Deprecated:  htmlspecialchars(): Passing null to parameter #1 ($string) of type string is deprecated in C:\xampp\htdocs\proo\companies\dashboard.php on line 287
[13-Jan-2025 21:40:20 Asia/Riyadh] PHP Deprecated:  htmlspecialchars(): Passing null to parameter #1 ($string) of type string is deprecated in C:\xampp\htdocs\proo\companies\dashboard.php on line 287
[13-Jan-2025 21:40:20 Asia/Riyadh] PHP Deprecated:  htmlspecialchars(): Passing null to parameter #1 ($string) of type string is deprecated in C:\xampp\htdocs\proo\companies\dashboard.php on line 287
[13-Jan-2025 21:42:49 Asia/Riyadh] PHP Deprecated:  htmlspecialchars(): Passing null to parameter #1 ($string) of type string is deprecated in C:\xampp\htdocs\proo\companies\dashboard.php on line 287
[13-Jan-2025 21:42:49 Asia/Riyadh] PHP Deprecated:  htmlspecialchars(): Passing null to parameter #1 ($string) of type string is deprecated in C:\xampp\htdocs\proo\companies\dashboard.php on line 287
[13-Jan-2025 21:42:49 Asia/Riyadh] PHP Deprecated:  htmlspecialchars(): Passing null to parameter #1 ($string) of type string is deprecated in C:\xampp\htdocs\proo\companies\dashboard.php on line 287
[13-Jan-2025 21:42:49 Asia/Riyadh] PHP Deprecated:  htmlspecialchars(): Passing null to parameter #1 ($string) of type string is deprecated in C:\xampp\htdocs\proo\companies\dashboard.php on line 287
[13-Jan-2025 21:42:49 Asia/Riyadh] PHP Deprecated:  htmlspecialchars(): Passing null to parameter #1 ($string) of type string is deprecated in C:\xampp\htdocs\proo\companies\dashboard.php on line 287
[13-Jan-2025 21:44:16 Asia/Riyadh] PHP Deprecated:  htmlspecialchars(): Passing null to parameter #1 ($string) of type string is deprecated in C:\xampp\htdocs\proo\companies\dashboard.php on line 287
[13-Jan-2025 21:44:16 Asia/Riyadh] PHP Deprecated:  htmlspecialchars(): Passing null to parameter #1 ($string) of type string is deprecated in C:\xampp\htdocs\proo\companies\dashboard.php on line 287
[13-Jan-2025 21:44:16 Asia/Riyadh] PHP Deprecated:  htmlspecialchars(): Passing null to parameter #1 ($string) of type string is deprecated in C:\xampp\htdocs\proo\companies\dashboard.php on line 287
[13-Jan-2025 21:44:16 Asia/Riyadh] PHP Deprecated:  htmlspecialchars(): Passing null to parameter #1 ($string) of type string is deprecated in C:\xampp\htdocs\proo\companies\dashboard.php on line 287
[13-Jan-2025 21:44:16 Asia/Riyadh] PHP Deprecated:  htmlspecialchars(): Passing null to parameter #1 ($string) of type string is deprecated in C:\xampp\htdocs\proo\companies\dashboard.php on line 287
[13-Jan-2025 22:12:22 Asia/Riyadh] PHP Deprecated:  htmlspecialchars(): Passing null to parameter #1 ($string) of type string is deprecated in C:\xampp\htdocs\proo\companies\dashboard.php on line 287
[13-Jan-2025 22:12:22 Asia/Riyadh] PHP Deprecated:  htmlspecialchars(): Passing null to parameter #1 ($string) of type string is deprecated in C:\xampp\htdocs\proo\companies\dashboard.php on line 287
[13-Jan-2025 22:12:22 Asia/Riyadh] PHP Deprecated:  htmlspecialchars(): Passing null to parameter #1 ($string) of type string is deprecated in C:\xampp\htdocs\proo\companies\dashboard.php on line 287
[13-Jan-2025 22:12:22 Asia/Riyadh] PHP Deprecated:  htmlspecialchars(): Passing null to parameter #1 ($string) of type string is deprecated in C:\xampp\htdocs\proo\companies\dashboard.php on line 287
[13-Jan-2025 22:12:22 Asia/Riyadh] PHP Deprecated:  htmlspecialchars(): Passing null to parameter #1 ($string) of type string is deprecated in C:\xampp\htdocs\proo\companies\dashboard.php on line 287
[13-Jan-2025 22:18:38 Asia/Riyadh] PHP Deprecated:  htmlspecialchars(): Passing null to parameter #1 ($string) of type string is deprecated in C:\xampp\htdocs\proo\companies\dashboard.php on line 287
[13-Jan-2025 22:18:38 Asia/Riyadh] PHP Deprecated:  htmlspecialchars(): Passing null to parameter #1 ($string) of type string is deprecated in C:\xampp\htdocs\proo\companies\dashboard.php on line 287
[13-Jan-2025 22:18:38 Asia/Riyadh] PHP Deprecated:  htmlspecialchars(): Passing null to parameter #1 ($string) of type string is deprecated in C:\xampp\htdocs\proo\companies\dashboard.php on line 287
[13-Jan-2025 22:18:38 Asia/Riyadh] PHP Deprecated:  htmlspecialchars(): Passing null to parameter #1 ($string) of type string is deprecated in C:\xampp\htdocs\proo\companies\dashboard.php on line 287
[13-Jan-2025 22:18:38 Asia/Riyadh] PHP Deprecated:  htmlspecialchars(): Passing null to parameter #1 ($string) of type string is deprecated in C:\xampp\htdocs\proo\companies\dashboard.php on line 287
